d:\coding\my computer games\attacktool\my_tool\my_tool\debug\vc120.pdb
d:\coding\my computer games\attacktool\my_tool\my_tool\debug\mzerothread.obj
d:\coding\my computer games\attacktool\my_tool\my_tool\debug\monethread.obj
d:\coding\my computer games\attacktool\my_tool\my_tool\debug\task.obj
d:\coding\my computer games\attacktool\my_tool\my_tool\debug\sendpacktask.obj
d:\coding\my computer games\attacktool\my_tool\my_tool\debug\receivetask.obj
d:\coding\my computer games\attacktool\my_tool\my_tool\debug\installpacktask..obj
d:\coding\my computer games\attacktool\my_tool\my_tool\debug\handlerectask.obj
d:\coding\my computer games\attacktool\my_tool\my_tool\debug\my_tool.obj
d:\coding\my computer games\attacktool\my_tool\my_tool\debug\main.obj
d:\coding\my computer games\attacktool\my_tool\my_tool\debug\moc_my_tool.obj
d:\coding\my computer games\attacktool\my_tool\my_tool\debug\packinstallworker.obj
d:\coding\my computer games\attacktool\my_tool\my_tool\debug\packingmanager.obj
d:\coding\my computer games\attacktool\my_tool\my_tool\debug\capmanager.obj
d:\coding\my computer games\attacktool\my_tool\my_tool\debug\analysismanager..obj
d:\coding\my computer games\attacktool\my_tool\my_tool\debug\qrc_my_tool.obj
d:\coding\my computer games\attacktool\my_tool\my_tool\generatedfiles\debug\moc_my_tool.cpp
d:\coding\my computer games\attacktool\my_tool\my_tool\generatedfiles\ui_my_tool.h
d:\coding\my computer games\attacktool\my_tool\my_tool\generatedfiles\qrc_my_tool.cpp
d:\coding\my computer games\attacktool\my_tool\win32\debug\my_tool.ilk
d:\coding\my computer games\attacktool\my_tool\win32\debug\my_tool.exe
d:\coding\my computer games\attacktool\my_tool\win32\debug\my_tool.pdb
d:\coding\my computer games\attacktool\my_tool\my_tool\debug\my_tool.tlog\cl.command.1.tlog
d:\coding\my computer games\attacktool\my_tool\my_tool\debug\my_tool.tlog\cl.read.1.tlog
d:\coding\my computer games\attacktool\my_tool\my_tool\debug\my_tool.tlog\cl.write.1.tlog
d:\coding\my computer games\attacktool\my_tool\my_tool\debug\my_tool.tlog\custombuild.command.1.tlog
d:\coding\my computer games\attacktool\my_tool\my_tool\debug\my_tool.tlog\custombuild.read.1.tlog
d:\coding\my computer games\attacktool\my_tool\my_tool\debug\my_tool.tlog\custombuild.write.1.tlog
d:\coding\my computer games\attacktool\my_tool\my_tool\debug\my_tool.tlog\link.command.1.tlog
d:\coding\my computer games\attacktool\my_tool\my_tool\debug\my_tool.tlog\link.read.1.tlog
d:\coding\my computer games\attacktool\my_tool\my_tool\debug\my_tool.tlog\link.write.1.tlog
